TIMESTAMP of THE SYSTEMS
Uptime: up 23 minutes
CPU Usage (%): 100.00
Memory Usage (%): 36.21
Disk Usage (%): 31%
Top 3 Processes by CPU:
   1179 snapd            0.1
      1 systemd          0.1
    539 amazon-ssm-agen  0.0

TIMESTAMP of THE SYSTEMS
Uptime: up 23 minutes
CPU Usage (%): 100.00
Memory Usage (%): 36.32
Disk Usage (%): 31%
Top 3 Processes by CPU:
   1179 snapd            0.1
      1 systemd          0.1
    539 amazon-ssm-agen  0.0

TIMESTAMP of THE SYSTEMS
Uptime: up 28 minutes
CPU Usage (%): 100.00
Memory Usage (%): 40.48
Disk Usage (%): 34%
Top 3 Processes by CPU:
      1 systemd          0.2
   8992 fwupd            0.1
   1179 snapd            0.1

TIMESTAMP of THE SYSTEMS
Uptime: up 30 minutes
CPU Usage (%): 4.00
Memory Usage (%): 40.48
Disk Usage (%): 34%
Top 3 Processes by CPU:
      1 systemd          0.2
   1179 snapd            0.1
    539 amazon-ssm-agen  0.0

TIMESTAMP of THE SYSTEMS
Uptime: up 35 minutes
CPU Usage (%): 3.00
Memory Usage (%): 38.73
Disk Usage (%): 34%
Top 3 Processes by CPU:
      1 systemd          0.2
   1179 snapd            0.1
    539 amazon-ssm-agen  0.0

TIMESTAMP of THE SYSTEMS
Uptime: up 40 minutes
CPU Usage (%): 3.00
Memory Usage (%): 38.73
Disk Usage (%): 34%
Top 3 Processes by CPU:
      1 systemd          0.1
   1179 snapd            0.1
    539 amazon-ssm-agen  0.0

TIMESTAMP of THE SYSTEMS
Uptime: up 45 minutes
CPU Usage (%): 2.00
Memory Usage (%): 38.73
Disk Usage (%): 34%
Top 3 Processes by CPU:
      1 systemd          0.1
   1179 snapd            0.0
    539 amazon-ssm-agen  0.0

TIMESTAMP of THE SYSTEMS
Uptime: up 50 minutes
CPU Usage (%): 2.00
Memory Usage (%): 38.73
Disk Usage (%): 34%
Top 3 Processes by CPU:
      1 systemd          0.1
   1179 snapd            0.0
    539 amazon-ssm-agen  0.0

TIMESTAMP of THE SYSTEMS
Uptime: up 55 minutes
CPU Usage (%): 2.00
Memory Usage (%): 38.62
Disk Usage (%): 34%
Top 3 Processes by CPU:
      1 systemd          0.1
   1179 snapd            0.0
    539 amazon-ssm-agen  0.0

TIMESTAMP of THE SYSTEMS
Uptime: up 1 hour, 0 minutes
CPU Usage (%): 2.00
Memory Usage (%): 38.62
Disk Usage (%): 34%
Top 3 Processes by CPU:
      1 systemd          0.1
   1179 snapd            0.0
    539 amazon-ssm-agen  0.0

TIMESTAMP of THE SYSTEMS
Uptime: up 1 hour, 5 minutes
CPU Usage (%): 2.00
Memory Usage (%): 41.03
Disk Usage (%): 34%
Top 3 Processes by CPU:
      1 systemd          0.1
   1179 snapd            0.0
    539 amazon-ssm-agen  0.0

TIMESTAMP of THE SYSTEMS
Uptime: up 1 hour, 10 minutes
CPU Usage (%): 2.00
Memory Usage (%): 41.03
Disk Usage (%): 34%
Top 3 Processes by CPU:
      1 systemd          0.1
   1179 snapd            0.0
    539 amazon-ssm-agen  0.0

TIMESTAMP of THE SYSTEMS
Uptime: up 1 hour, 15 minutes
CPU Usage (%): 1.00
Memory Usage (%): 41.03
Disk Usage (%): 34%
Top 3 Processes by CPU:
      1 systemd          0.0
   1179 snapd            0.0
    539 amazon-ssm-agen  0.0

TIMESTAMP of THE SYSTEMS
Uptime: up 1 hour, 20 minutes
CPU Usage (%): 1.00
Memory Usage (%): 41.03
Disk Usage (%): 34%
Top 3 Processes by CPU:
      1 systemd          0.0
   1179 snapd            0.0
    539 amazon-ssm-agen  0.0

TIMESTAMP of THE SYSTEMS
Uptime: up 1 hour, 25 minutes
CPU Usage (%): 1.00
Memory Usage (%): 41.03
Disk Usage (%): 34%
Top 3 Processes by CPU:
      1 systemd          0.0
   1179 snapd            0.0
    539 amazon-ssm-agen  0.0

